<?xml version="1.0" encoding="UTF-8"?>
<!-- Generated by org.testng.reporters.JUnitReportReporter -->
<testsuite hostname="seleniuminstance1-0" failures="0" tests="2" name="testcases.Testcase1" time="15.526" errors="0" timestamp="2023-08-09T13:19:49 UTC" skipped="0">
  <testcase classname="testcases.Testcase1" name="Register" time="10.111"/>
  <testcase classname="testcases.Testcase1" name="Valid_Login_TC" time="5.415"/>
</testsuite> <!-- testcases.Testcase1 -->
