<?xml version="1.0" encoding="UTF-8"?>
<!-- Generated by org.testng.reporters.JUnitReportReporter -->
<testsuite hostname="dbdbaafaeeffaccacaeefddadeaaaddbefdb-0" failures="0" tests="2" name="testcases.Testcase1" time="17.055" errors="0" timestamp="2023-08-10T06:44:03 UTC" skipped="0">
  <testcase classname="testcases.Testcase1" name="Register" time="11.228"/>
  <testcase classname="testcases.Testcase1" name="Valid_Login_TC" time="5.827"/>
</testsuite> <!-- testcases.Testcase1 -->
